cl : 命令行 warning D9007: “/Gm”需要“/Zi 或 /ZI”；选项被忽略
  cost.cpp
d:\vs_project\stereo_matching\stereo_matching\Solver.h(13): warning C4305: “初始化”: 从“double”到“float”截断
  GM.cpp
d:\vs_project\stereo_matching\stereo_matching\Solver.h(13): warning C4305: “初始化”: 从“double”到“float”截断
  main.cpp
d:\vs_project\stereo_matching\stereo_matching\Solver.h(13): warning C4305: “初始化”: 从“double”到“float”截断
main.cpp(114): warning C4305: “初始化”: 从“double”到“float”截断
main.cpp(117): warning C4244: “初始化”: 从“double”转换到“float”，可能丢失数据
  SGM.cpp
d:\vs_project\stereo_matching\stereo_matching\Solver.h(13): warning C4305: “初始化”: 从“double”到“float”截断
SGM.cpp(346): warning C4244: “=”: 从“double”转换到“float”，可能丢失数据
  Solver.cpp
d:\vs_project\stereo_matching\stereo_matching\Solver.h(13): warning C4305: “初始化”: 从“double”到“float”截断
Solver.cpp(31): warning C4244: “=”: 从“double”转换到“float”，可能丢失数据
Solver.cpp(92): warning C4244: “=”: 从“int”转换到“float”，可能丢失数据
Solver.cpp(128): warning C4244: “=”: 从“int”转换到“float”，可能丢失数据
Solver.cpp(155): warning C4244: “return”: 从“double”转换到“float”，可能丢失数据
Solver.cpp(298): warning C4244: “=”: 从“int”转换到“float”，可能丢失数据
Solver.cpp(324): warning C4244: “=”: 从“int”转换到“float”，可能丢失数据
Solver.cpp(352): warning C4244: “参数”: 从“float”转换到“const int”，可能丢失数据
Solver.cpp(360): warning C4244: “=”: 从“int”转换到“float”，可能丢失数据
Solver.cpp(404): warning C4244: “=”: 从“float”转换到“uchar”，可能丢失数据
Solver.cpp(410): warning C4244: “=”: 从“float”转换到“uchar”，可能丢失数据
Solver.cpp(419): warning C4244: “=”: 从“float”转换到“uchar”，可能丢失数据
  utils.cpp
LINK : warning LNK4075: 忽略“/INCREMENTAL”(由于“/LTCG”规范)
  正在生成代码
  已完成代码的生成
  stereo_matching.vcxproj -> D:\vs_project\stereo_matching\x64\Release\stereo_matching.exe
  stereo_matching.vcxproj -> D:\vs_project\stereo_matching\x64\Release\stereo_matching.pdb (Full PDB)
