生成启动时间为 2018/7/7 23:00:18。
     1>项目“D:\vs_project\stereo_matching\stereo_matching\stereo_matching.vcxproj”在节点 2 上(Build 个目标)。
     1>ClCompile:
         C:\Program Files (x86)\Microsoft Visual Studio 12.0\VC\bin\CL.exe /c /ZI /nologo /W3 /WX- /Od /Oy- /D WIN32 /D _DEBUG /D _CONSOLE /D _LIB /D _UNICODE /D UNICODE /Gm /EHsc /RTC1 /MDd /GS /fp:precise /Zc:wchar_t /Zc:forScope /Fo"Debug\\" /Fd"Debug\vc120.pdb" /Gd /TP /analyze- /errorReport:prompt SGM.cpp Solver.cpp
         Solver.cpp
     1>d:\vs_project\stereo_matching\stereo_matching\solver.h(11): warning C4305: “初始化”: 从“double”到“const float”截断
         SGM.cpp
     1>d:\vs_project\stereo_matching\stereo_matching\solver.h(11): warning C4305: “初始化”: 从“double”到“const float”截断
         正在生成代码...
       Link:
         C:\Program Files (x86)\Microsoft Visual Studio 12.0\VC\bin\link.exe /ERRORREPORT:PROMPT /OUT:"D:\vs_project\stereo_matching\Debug\stereo_matching.exe" /INCREMENTAL /NOLOGO opencv_ml2413d.lib opencv_calib3d2413d.lib opencv_contrib2413d.lib opencv_core2413d.lib opencv_features2d2413d.lib opencv_flann2413d.lib opencv_gpu2413d.lib opencv_highgui2413d.lib opencv_imgproc2413d.lib opencv_legacy2413d.lib opencv_objdetect2413d.lib opencv_ts2413d.lib opencv_video2413d.lib opencv_nonfree2413d.lib opencv_ocl2413d.lib opencv_photo2413d.lib opencv_stitching2413d.lib opencv_superres2413d.lib opencv_videostab2413d.lib kernel32.lib user32.lib gdi32.lib winspool.lib comdlg32.lib advapi32.lib shell32.lib ole32.lib oleaut32.lib uuid.lib odbc32.lib odbccp32.lib /MANIFEST /MANIFESTUAC:"level='asInvoker' uiAccess='false'" /manifest:embed /DEBUG /PDB:"D:\vs_project\stereo_matching\Debug\stereo_matching.pdb" /SUBSYSTEM:CONSOLE /TLBID:1 /DYNAMICBASE /NXCOMPAT /IMPLIB:"D:\vs_project\stereo_matching\Debug\stereo_matching.lib" /MACHINE:X86 Debug\cost.obj
         Debug\GM.obj
         Debug\main.obj
         Debug\SGM.obj
         Debug\Solver.obj
         Debug\utils.obj
         stereo_matching.vcxproj -> D:\vs_project\stereo_matching\Debug\stereo_matching.exe
     1>已完成生成项目“D:\vs_project\stereo_matching\stereo_matching\stereo_matching.vcxproj”(Build 个目标)的操作。

生成成功。

已用时间 00:00:01.90
